"../../../Engine/Content/EditorResources/S_Actor.uasset" 0
"../../../Engine/Content/EditorResources/S_Emitter.uasset" 1
"../../../Engine/Content/EngineResources/AICON-Red.uasset" 2
"../../../Engine/Content/EngineResources/AICON-Green.uasset" 3
"../../../Engine/Content/EngineFonts/Roboto.uasset" 4
"../../../Engine/Content/Functions/Engine_MaterialFunctions01/Shading/PowerToRoughness.uasset" 5
"../../../Engine/Content/EngineMaterials/DefaultDiffuse.uasset" 6
"../../../Engine/Content/EngineMaterials/DefaultDeferredDecalMaterial.uasset" 7
"../../../Engine/Content/EngineMaterials/DefaultLightFunctionMaterial.uasset" 8
"../../../Engine/Content/Functions/Engine_MaterialFunctions02/Utility/BreakOutFloat2Components.uasset" 9
"../../../Engine/Content/EngineMaterials/DefaultPostProcessMaterial.uasset" 10
"../../../Engine/Content/EngineResources/DefaultTexture.uasset" 11
"../../../Engine/Content/Functions/Engine_MaterialFunctions01/Texturing/ScaleUVsByCenter.uasset" 12
"../../../Engine/Content/Functions/Engine_MaterialFunctions02/ScreenResolution.uasset" 13
"../../../Engine/Content/Functions/Engine_MaterialFunctions02/Texturing/ScreenAlignedUVs.uasset" 14
"../../../Engine/Content/EngineResources/WhiteSquareTexture.uasset" 15
"../../../Engine/Content/EngineMaterials/Widget3DPassThrough.uasset" 16
"../../../Engine/Content/EngineMaterials/Widget3DPassThrough_Translucent.uasset" 17
"../../../Engine/Content/EngineMaterials/Widget3DPassThrough_Translucent_OneSided.uasset" 18
"../../../Engine/Content/EngineMaterials/Widget3DPassThrough_Opaque.uasset" 19
"../../../Engine/Content/EngineMaterials/Widget3DPassThrough_Opaque_OneSided.uasset" 20
"../../../Engine/Content/EngineMaterials/Widget3DPassThrough_Masked.uasset" 21
"../../../Engine/Content/EngineMaterials/Widget3DPassThrough_Masked_OneSided.uasset" 22
"../../../Engine/Content/EditorResources/S_LevelSequence.uasset" 23
"../../../Engine/Content/EditorResources/Bad.uasset" 24
"../../../Engine/Content/EditorMeshes/EditorCube.uasset" 25
"../../../Engine/Content/EditorMeshes/EditorSphere.uasset" 26
"../../../Engine/Content/EditorMeshes/EditorPlane.uasset" 27
"../../../Engine/Content/EditorMeshes/EditorCylinder.uasset" 28
"../../../Engine/Content/Maps/Templates/Thumbnails/Default.uasset" 29
"../../../Engine/Content/Maps/Templates/Thumbnails/VR-Basic.uasset" 30
"../../../Engine/Content/EditorMaterials/Thumbnails/SkySphereMaterial.uasset" 31
"../../../Engine/Content/EditorMeshes/EditorSkySphere.uasset" 32
"../../../Engine/Content/EngineMaterials/Grid.uasset" 33
"../../../Engine/Content/EditorMaterials/Thumbnails/FloorPlaneMaterial.uasset" 34
"../../../Engine/Content/MapTemplates/Sky/DaylightAmbientCubemap.uasset" 35
"../../../Engine/Content/EditorMaterials/ParticleSystems/PSysThumbnail_NoImage.uasset" 36
"../../../Engine/Content/EditorMaterials/ParticleSystems/PSysThumbnail_OOD.uasset" 37
"../../../Engine/Content/EditorResources/S_DecalActorIcon.uasset" 38
"../../../Engine/Content/EditorLandscapeResources/LandscapeGizmo_Mat.uasset" 39
"../../../Engine/Content/EditorLandscapeResources/LandscapeGizmo_Mat_Copied.uasset" 40
"../../../Engine/Content/EditorLandscapeResources/LandscapeGizmoHeight_Mat.uasset" 41
"../../../Engine/Content/EditorLandscapeResources/DataLayer.uasset" 42
"../../../Engine/Content/EditorResources/S_Terrain.uasset" 43
"../../../Engine/Content/EditorLandscapeResources/SplineEditorMeshMat.uasset" 44
"../../../Engine/Content/EditorLandscapeResources/SplineEditorMesh.uasset" 45
"../../../Engine/Content/EditorResources/MatineeCam_D.uasset" 46
"../../../Engine/Content/EditorMaterials/MatineeCam_mat.uasset" 47
"../../../Engine/Content/EditorMeshes/MatineeCam_SM.uasset" 48
"../../../Engine/Content/Functions/Engine_MaterialFunctions02/Utility/Sign.uasset" 49
"../../../Engine/Content/Functions/Engine_MaterialFunctions02/Utility/Round.uasset" 50
"../../../Engine/Content/Functions/Engine_MaterialFunctions02/ExampleContent/Textures/flipbook.uasset" 51
"../../../Engine/Content/Functions/Engine_MaterialFunctions02/Texturing/FlipBook.uasset" 52
"../../../Engine/Content/EditorResources/T_EditorHelp.uasset" 53
"../../../Engine/Content/EditorMaterials/HelpActorMaterial.uasset" 54
"../../../Engine/Content/EditorResources/S_ExpoHeightFog.uasset" 55
"../../../Engine/Content/EditorResources/S_NavP.uasset" 56
"../../../Engine/Content/EditorResources/S_Player.uasset" 57
"../../../Engine/Content/EditorResources/LightIcons/SkyLight.uasset" 58
"../../../Engine/Content/EditorResources/S_WindDirectional.uasset" 59
"../../../Engine/Content/EngineDamageTypes/DmgTypeBP_Environmental.uasset" 60
"../../../Engine/Content/EditorResources/LightIcons/S_LightDirectional.uasset" 61
"../../../Engine/Content/EditorResources/LightIcons/S_LightDirectionalMove.uasset" 62
"../../../Engine/Content/EditorResources/LightIcons/S_LightPoint.uasset" 63
"../../../Engine/Content/EditorResources/LightIcons/S_LightPointMove.uasset" 64
"../../../Engine/Content/EditorResources/LightIcons/S_LightSpot.uasset" 65
"../../../Engine/Content/EditorResources/LightIcons/S_LightSpotMove.uasset" 66
"../../../Engine/Content/EditorResources/S_PortalActorIcon2.uasset" 67
"../../../Engine/Content/EditorResources/MatInstActSprite.uasset" 68
"../../../Engine/Content/EditorResources/SceneManager.uasset" 69
"../../../Engine/Content/EditorResources/AI/S_NavLink.uasset" 70
"../../../Engine/Content/EditorResources/S_Note.uasset" 71
"../../../Engine/Content/EngineMeshes/Sphere.uasset" 72
"../../../Engine/Content/EditorResources/S_ReflActorIcon.uasset" 73
"../../../Engine/Content/EditorResources/S_Thruster.uasset" 74
"../../../Engine/Content/EditorResources/S_RadForce.uasset" 75
"../../../Engine/Content/EditorMaterials/TargetIcon.uasset" 76
"../../../Engine/Content/EngineFonts/RobotoDistanceField.uasset" 77
"../../../Engine/Content/EngineMaterials/DefaultTextMaterialOpaque.uasset" 78
"../../../Engine/Content/EditorResources/S_TextRenderActorIcon.uasset" 79
"../../../Engine/Content/EditorResources/S_Trigger.uasset" 80
"../../../Engine/Content/EditorResources/S_VectorFieldVol.uasset" 81
"../../../Engine/Content/EngineResources/GradientTexture0.uasset" 82
"../../../Engine/Content/EngineResources/Black.uasset" 83
"../../../Engine/Content/EditorMaterials/MatineeGroups/MAT_Groups_Float.uasset" 84
"../../../Engine/Content/EditorMaterials/MatineeGroups/MAT_Groups_Director.uasset" 85
"../../../Engine/Content/EditorMaterials/MatineeGroups/MAT_Groups_Event.uasset" 86
"../../../Engine/Content/EditorMaterials/MatineeGroups/MAT_Groups_Anim.uasset" 87
"../../../Engine/Content/EditorMaterials/MatineeGroups/MAT_Groups_Fade.uasset" 88
"../../../Engine/Content/EditorMaterials/MatineeGroups/MAT_Groups_Move.uasset" 89
"../../../Engine/Content/EditorMaterials/MatineeGroups/MAT_Groups_Slomo.uasset" 90
"../../../Engine/Content/EditorMaterials/MatineeGroups/MAT_ColorTrack.uasset" 91
"../../../Engine/Content/EditorMaterials/MAT_Groups_Toggle.uasset" 92
"../../../Engine/Content/EditorMaterials/MatineeGroups/MAT_Groups_AudioMaster.uasset" 93
"../../../Engine/Content/EditorMaterials/MatineeGroups/MAT_Groups_Sound.uasset" 94
"../../../Engine/Content/EditorMaterials/MatineeGroups/MAT_Groups_Vector.uasset" 95
"../../../Engine/Content/EditorMaterials/MAT_Groups_Visibility.uasset" 96
"../../../Engine/Content/EngineResources/DefaultTextureCube.uasset" 97
"../../../Engine/Content/Functions/Engine_MaterialFunctions01/Opacity/CameraDepthFade.uasset" 98
"../../../Engine/Content/EngineMaterials/T_Default_Material_Grid_M.uasset" 99
"../../../Engine/Content/EngineMaterials/T_Default_Material_Grid_N.uasset" 100
"../../../Engine/Content/EngineMaterials/DefaultMaterial.uasset" 101
"../../../Engine/Content/EngineMeshes/Cylinder.uasset" 102
"../../../Engine/Content/EngineTireTypes/DefaultTireType.uasset" 103
"../../../Engine/Content/EditorMaterials/Camera/CineMat.uasset" 104
"../../../Engine/Content/EditorMaterials/Camera/MI_CineMat_Rig.uasset" 105
"../../../Engine/Content/EditorMeshes/Camera/SM_CraneRig_Base.uasset" 106
"../../../Engine/Content/EditorMeshes/Camera/SM_CraneRig_Arm.uasset" 107
"../../../Engine/Content/EditorMeshes/Camera/SM_CraneRig_Mount.uasset" 108
"../../../Engine/Content/EditorMeshes/Camera/SM_CraneRig_Body.uasset" 109
"../../../Engine/Content/EditorMeshes/Camera/SM_RailRig_Track.uasset" 110
"../../../Engine/Content/EditorMeshes/Camera/SM_RailRig_Mount.uasset" 111
"../../../Engine/Content/EditorMaterials/Camera/MI_CineMat_CameraBody.uasset" 112
"../../../Engine/Content/EngineDebugMaterials/M_SimpleOpaque.uasset" 113
"../../../Engine/Content/EditorMaterials/Camera/MI_CineMat_CamViewFinder.uasset" 114
"../../../Engine/Content/EditorMeshes/Camera/SM_CineCam.uasset" 115
"../../../Engine/Content/EngineMaterials/WorldGridMaterial.uasset" 116
"../../../Engine/Content/ArtTools/RenderToTexture/Meshes/S_1_Unit_Plane.uasset" 117
"../../../Engine/Content/EngineDebugMaterials/M_SimpleTranslucent.uasset" 118
"../../../Engine/Content/EditorResources/S_FTest.uasset" 119
"../../../Engine/Content/VREditor/LaserPointer/VR_LaserPower_01.uasset" 120
"../../../Engine/Content/VREditor/TransformGizmo/TransformGizmoMaterial.uasset" 121
"../../../Engine/Content/VREditor/TransformGizmo/TranslucentTransformGizmoMaterial.uasset" 122
"../../../Engine/Content/VREditor/TransformGizmo/TranslationHandle.uasset" 123
"../../../Engine/Content/VREditor/TransformGizmo/PlaneTranslationHandle.uasset" 124
"../../../Engine/Content/VREditor/TransformGizmo/RotationHandle.uasset" 125
"../../../Engine/Content/VREditor/TransformGizmo/StretchingHandle.uasset" 126
"../../../Engine/Content/VREditor/TransformGizmo/BoundingBoxCorner.uasset" 127
"../../../Engine/Content/VREditor/TransformGizmo/BoundingBoxEdge.uasset" 128
"../../../Engine/Content/VREditor/TransformGizmo/UniformScaleHandle.uasset" 129
"../../../Engine/Content/VREditor/FloatingText/LineMaterial.uasset" 130
"../../../Engine/Content/VREditor/FloatingText/LineSegmentCylinder.uasset" 131
"../../../Engine/Content/VREditor/FloatingText/JointSphere.uasset" 132
"../../../Engine/Content/VREditor/Fonts/VRText_RobotoLarge.uasset" 133
"../../../Engine/Content/VREditor/Fonts/VRTextMaterial.uasset" 134
"../../../Engine/Content/VREditor/Fonts/TranslucentVRTextMaterial.uasset" 135
"../../../Engine/Content/VREditor/UI/SelectionBarMesh.uasset" 136
"../../../Engine/Content/VREditor/UI/CloseButtonMesh.uasset" 137
"../../../Engine/Plugins/2D/Paper2D/Content/PlaceholderTextures/DummySpriteTexture.uasset" 138
"../../../Engine/Plugins/2D/Paper2D/Content/DefaultSpriteMaterial.uasset" 139
"../../../Engine/Plugins/2D/Paper2D/Content/MaskedUnlitSpriteMaterial.uasset" 140
"../../../Engine/Plugins/2D/Paper2D/Content/OpaqueUnlitSpriteMaterial.uasset" 141
"../../../Engine/Plugins/2D/Paper2D/Content/DummySprite.uasset" 142
"../../../Engine/Plugins/2D/Paper2D/Content/DefaultPaperTerrainMaterial.uasset" 143
"../../../Engine/Content/EditorSounds/Notifications/CompileSuccess.uasset" 144
"../../../Engine/Content/EditorSounds/Notifications/CompileStart_Cue.uasset" 145
"../../../Engine/Content/EditorSounds/Notifications/CompileSuccess_Cue.uasset" 146
"../../../Engine/Content/EditorSounds/Notifications/CompileFailed.uasset" 147
"../../../Engine/Content/EditorSounds/Notifications/CompileFailed_Cue.uasset" 148
"../../../Engine/Content/BufferVisualization/BaseColor.uasset" 149
"../../../Engine/Content/BufferVisualization/CustomDepth.uasset" 150
"../../../Engine/Content/Functions/Engine_MaterialFunctions02/Utility/MakeFloat2.uasset" 151
"../../../Engine/Content/Functions/Engine_MaterialFunctions02/Utility/MakeFloat3.uasset" 152
"../../../Engine/Content/EngineMaterials/MiniFont.uasset" 153
"../../../Engine/Content/BufferVisualization/CustomStencil.uasset" 154
"../../../Engine/Content/BufferVisualization/FinalImage.uasset" 155
"../../../Engine/Content/BufferVisualization/LightingModel.uasset" 156
"../../../Engine/Content/BufferVisualization/MaterialAO.uasset" 157
"../../../Engine/Content/BufferVisualization/Metallic.uasset" 158
"../../../Engine/Content/BufferVisualization/Opacity.uasset" 159
"../../../Engine/Content/BufferVisualization/Roughness.uasset" 160
"../../../Engine/Content/BufferVisualization/SceneColor.uasset" 161
"../../../Engine/Content/BufferVisualization/SceneDepth.uasset" 162
"../../../Engine/Content/BufferVisualization/SeparateTranslucencyRGB.uasset" 163
"../../../Engine/Content/BufferVisualization/SeparateTranslucencyA.uasset" 164
"../../../Engine/Content/BufferVisualization/Specular.uasset" 165
"../../../Engine/Content/BufferVisualization/SubsurfaceColor.uasset" 166
"../../../Engine/Content/BufferVisualization/WorldNormal.uasset" 167
"../../../Engine/Content/EngineMaterials/DefaultPhysicalMaterial.uasset" 168
"../../../Engine/Content/BufferVisualization/AmbientOcclusion.uasset" 169
"../../../Engine/Content/Functions/Engine_MaterialFunctions02/Utility/VectorLength.uasset" 170
"../../../Engine/Content/BufferVisualization/CustomDepthWorldUnits.uasset" 171
"../../../Engine/Content/BufferVisualization/SceneDepthWorldUnits.uasset" 172
"../../../Engine/Content/BufferVisualization/HDRColor.uasset" 173
"../../../Engine/Content/EngineMaterials/HighResolutionScreenshotMaskFunction.uasset" 174
"../../../Engine/Content/EngineMaterials/HighResScreenshot.uasset" 175
"../../../Engine/Content/EngineMaterials/HighResScreenshotMask.uasset" 176
"../../../Engine/Content/EngineMaterials/HighResScreenshotCaptureRegion.uasset" 177
"../../../Engine/Content/EngineDebugMaterials/WireframeMaterial.uasset" 178
"../../../Engine/Content/Functions/Engine_MaterialFunctions01/Shading/ConvertFromDiffSpec.uasset" 179
"../../../Engine/Content/EngineDebugMaterials/LevelColorationLitMaterial.uasset" 180
"../../../Engine/Content/EngineDebugMaterials/LevelColorationUnlitMaterial.uasset" 181
"../../../Engine/Content/EngineMaterials/DefaultWhiteGrid.uasset" 182
"../../../Engine/Content/EngineDebugMaterials/MAT_LevelColorationLitLightmapUV.uasset" 183
"../../../Engine/Content/EngineDebugMaterials/ShadedLevelColorationLitMaterial.uasset" 184
"../../../Engine/Content/EngineDebugMaterials/ShadedLevelColorationUnlitMateri.uasset" 185
"../../../Engine/Content/EngineDebugMaterials/VertexColorMaterial.uasset" 186
"../../../Engine/Content/EngineDebugMaterials/VertexColorViewMode_ColorOnly.uasset" 187
"../../../Engine/Content/EngineDebugMaterials/VertexColorViewMode_AlphaAsColor.uasset" 188
"../../../Engine/Content/EngineDebugMaterials/VertexColorViewMode_RedOnly.uasset" 189
"../../../Engine/Content/EngineDebugMaterials/VertexColorViewMode_GreenOnly.uasset" 190
"../../../Engine/Content/EngineDebugMaterials/VertexColorViewMode_BlueOnly.uasset" 191
"../../../Engine/Content/EngineMaterials/RemoveSurfaceMaterial.uasset" 192
"../../../Engine/Content/EngineDebugMaterials/DebugMeshMaterial.uasset" 193
"../../../Engine/Content/EngineMaterials/InvalidLightmapSettings.uasset" 194
"../../../Engine/Content/EngineMaterials/M_InvalidLightmapSettings.uasset" 195
"../../../Engine/Content/EditorMaterials/GizmoMaterial.uasset" 196
"../../../Engine/Content/EngineDebugMaterials/GeomMaterial.uasset" 197
"../../../Engine/Content/EngineMaterials/EditorBrushMaterial.uasset" 198
"../../../Engine/Content/EngineDebugMaterials/HeatmapGradient.uasset" 199
"../../../Engine/Content/EngineDebugMaterials/BoneWeightMaterial.uasset" 200
"../../../Engine/Content/EditorMaterials/PreviewShadowIndicator.uasset" 201
"../../../Engine/Content/EditorMaterials/PreviewShadowIndicatorMaterial.uasset" 202
"../../../Engine/Content/EditorMaterials/PhAT_JointLimitMaterial.uasset" 203
"../../../Engine/Content/EditorResources/BSPVertex.uasset" 204
"../../../Engine/Content/EngineMaterials/Good64x64TilingNoiseHighFreq.uasset" 205
"../../../Engine/Content/EngineMaterials/DefaultBokeh.uasset" 206
"../../../Engine/Content/EngineMaterials/PreintegratedSkinBRDF.uasset" 207
"../../../Engine/Content/EngineMaterials/WeightMapPlaceholderTexture.uasset" 208
"../../../Engine/Content/EngineFonts/RobotoTiny.uasset" 209
"../../../Engine/Content/Tutorial/ContentIntroCurve.uasset" 210
"../../../Engine/Content/EditorMaterials/Cross.uasset" 211
"../../../Engine/Content/EditorMaterials/Cross_Mat.uasset" 212
"../../../Engine/Content/EditorMaterials/PhAT_BoneSelectedMaterial.uasset" 213
"../../../Engine/Content/EditorMaterials/PhAT_ElemSelectedMaterial.uasset" 214
"../../../Engine/Content/EditorMaterials/PhAT_NoCollisionMaterial.uasset" 215
"../../../Engine/Content/EditorMaterials/PhAT_UnselectedMaterial.uasset" 216
"../../../Engine/Content/EditorMaterials/Tick.uasset" 217
"../../../Engine/Content/EditorMaterials/Tick_Mat.uasset" 218
"../../../Engine/Content/EditorMaterials/WidgetGridVertexColorMaterial.uasset" 219
"../../../Engine/Content/EditorMaterials/WidgetGridVertexColorMaterial_Ma.uasset" 220
"../../../Engine/Content/EditorMaterials/WidgetMaterial.uasset" 221
"../../../Engine/Content/EditorMaterials/WidgetMaterial_Current.uasset" 222
"../../../Engine/Content/EditorMaterials/WidgetMaterial_X.uasset" 223
"../../../Engine/Content/EditorMaterials/WidgetMaterial_Y.uasset" 224
"../../../Engine/Content/EditorMaterials/WidgetMaterial_Z.uasset" 225
"../../../Engine/Content/EditorMaterials/WidgetVertexColorMaterial.uasset" 226
"../../../Engine/Content/EditorMaterials/CompositeARGBLayer.uasset" 227
"../../../Engine/Content/EditorMaterials/TilingAALineIntegral.uasset" 228
"../../../Engine/Content/EditorMaterials/TilingAALineBoxFiltered.uasset" 229
"../../../Engine/Content/Functions/Engine_MaterialFunctions03/Procedurals/ComputeFilterWidth.uasset" 230
"../../../Engine/Content/EditorMaterials/TilingAADots.uasset" 231
"../../../Engine/Content/EditorMaterials/Cascade/CASC_Cross.uasset" 232
"../../../Engine/Content/EditorMaterials/Cascade/CASC_None.uasset" 233
"../../../Engine/Content/Functions/Engine_MaterialFunctions03/Blends/Blend_Screen.uasset" 234
"../../../Engine/Content/EditorMaterials/TilingAAGrid.uasset" 235
"../../../Engine/Content/EditorMaterials/LevelGridMaterial.uasset" 236
"../../../Engine/Content/EditorResources/SmallFont.uasset" 237
"../../../Engine/Content/EditorResources/S_KBSJoint.uasset" 238
"../../../Engine/Content/EditorResources/S_KHinge.uasset" 239
"../../../Engine/Content/EditorResources/S_KPrismatic.uasset" 240
"../../../Engine/Content/EditorResources/LightIcons/S_LightError.uasset" 241
"../../../Engine/Content/EditorResources/Spline/T_Loft_Spline.uasset" 242
"../../../Engine/Content/EngineMaterials/BlinkingCaret.uasset" 243
"../../../Engine/Content/EngineMaterials/DefaultNormal.uasset" 244
"../../../Engine/Content/EngineMaterials/Grid_N.uasset" 245
"../../../Engine/Content/EngineMaterials/LandscapeHolePhysicalMaterial.uasset" 246
"../../../Engine/Content/EngineMaterials/PaperDiffuse.uasset" 247
"../../../Engine/Content/EngineMaterials/PaperNormal.uasset" 248
"../../../Engine/Content/EngineMaterials/PhysMat_Rubber.uasset" 249
"../../../Engine/Content/EngineFonts/SmallFont.uasset" 250
"../../../Engine/Content/EngineFonts/TinyFont.uasset" 251
"../../../Engine/Content/EngineResources/StreamingPauseIcon.uasset" 252
"../../../Engine/Content/EngineResources/M_StreamingPause.uasset" 253
"../../../Engine/Content/BasicShapes/Cube.uasset" 254
"../../../Engine/Content/BasicShapes/Sphere.uasset" 255
"../../../Engine/Content/BasicShapes/Cylinder.uasset" 256
"../../../Engine/Content/BasicShapes/Cone.uasset" 257
"../../../Engine/Content/EditorResources/SequenceRecorder/Countdown.uasset" 258
"../../../Engine/Content/EditorResources/SequenceRecorder/RecordingIndicator.uasset" 259
"../../../Engine/Content/EditorLandscapeResources/DefaultAlphaTexture.uasset" 260
"../../../AsylumMap/Content/StarterContent/Materials/M_Basic_Floor.uasset" 261
"../../../AsylumMap/Content/StarterContent/Architecture/Floor_400x400.uasset" 262
"../../../Engine/Content/EditorSounds/GamePreview/EndPlayInEditor.uasset" 263
"../../../Engine/Content/EditorSounds/GamePreview/EndPlayInEditor_Cue.uasset" 264
"../../../AsylumMap/Content/FirstPerson/Character/Mesh/SK_Mannequin_Arms_Skeleton.uasset" 265
"../../../AsylumMap/Content/FirstPerson/Animations/FirstPerson_Idle.uasset" 266
"../../../AsylumMap/Content/FirstPerson/Animations/FirstPerson_JumpEnd.uasset" 267
"../../../AsylumMap/Content/FirstPerson/Animations/FirstPerson_JumpLoop.uasset" 268
"../../../AsylumMap/Content/FirstPerson/Animations/FirstPerson_JumpStart.uasset" 269
"../../../AsylumMap/Content/FirstPerson/Animations/FirstPerson_Run.uasset" 270
"../../../Engine/Content/EditorBlueprintResources/StandardMacros.uasset" 271
"../../../AsylumMap/Content/FirstPerson/Animations/FirstPerson_AnimBP.uasset" 272
"../../../AsylumMap/Content/FirstPerson/Animations/FirstPerson_Fire.uasset" 273
"../../../AsylumMap/Content/FirstPerson/Animations/FirstPersonFire_Montage.uasset" 274
"../../../AsylumMap/Content/FirstPerson/Meshes/BaseMaterial.uasset" 275
"../../../AsylumMap/Content/FirstPerson/Meshes/FirstPersonProjectileMaterial.uasset" 276
"../../../AsylumMap/Content/FirstPerson/Meshes/FirstPersonProjectileMesh.uasset" 277
"../../../AsylumMap/Content/FirstPersonBP/Blueprints/FirstPersonProjectile.uasset" 278
"../../../AsylumMap/Content/FirstPerson/Audio/FirstPersonTemplateWeaponFire02.uasset" 279
"../../../Engine/Content/Functions/Engine_MaterialFunctions02/Utility/BlendAngleCorrectedNormals.uasset" 280
"../../../Engine/Content/Functions/MaterialLayerFunctions/MatLayerBlend_NormalBlend.uasset" 281
"../../../Engine/Content/Functions/MaterialLayerFunctions/MatLayerBlend_Simple.uasset" 282
"../../../AsylumMap/Content/FirstPerson/Character/Materials/MaterialLayers/T_ML_Rubber_Blue_01_D.uasset" 283
"../../../AsylumMap/Content/FirstPerson/Character/Materials/MaterialLayers/T_ML_Rubber_Blue_01_N.uasset" 284
"../../../AsylumMap/Content/FirstPerson/Character/Materials/MaterialLayers/ML_GlossyBlack_Latex_UE4.uasset" 285
"../../../AsylumMap/Content/FirstPerson/Character/Materials/MaterialLayers/ML_Plastic_Shiny_Beige.uasset" 286
"../../../AsylumMap/Content/FirstPerson/Character/Textures/UE4_LOGO_CARD.uasset" 287
"../../../AsylumMap/Content/FirstPerson/Character/Materials/MaterialLayers/ML_Plastic_Shiny_Beige_LOGO.uasset" 288
"../../../AsylumMap/Content/FirstPerson/Character/Materials/MaterialLayers/T_ML_Aluminum01.uasset" 289
"../../../AsylumMap/Content/FirstPerson/Character/Materials/MaterialLayers/T_ML_Aluminum01_N.uasset" 290
"../../../AsylumMap/Content/FirstPerson/Character/Materials/MaterialLayers/ML_SoftMetal_UE4.uasset" 291
"../../../AsylumMap/Content/FirstPerson/Character/Textures/UE4_Mannequin__normals.uasset" 292
"../../../AsylumMap/Content/FirstPerson/Character/Textures/UE4_Mannequin_MAT_MASKA.uasset" 293
"../../../AsylumMap/Content/FirstPerson/Character/Materials/M_UE4Man_Body.uasset" 294
"../../../AsylumMap/Content/FirstPerson/Character/Mesh/SK_Mannequin_Arms_PhysicsAsset.uasset" 295
"../../../AsylumMap/Content/FirstPerson/Character/Mesh/SK_Mannequin_Arms.uasset" 296
"../../../AsylumMap/Content/FirstPerson/FPWeapon/Materials/MaterialLayers/T_ML_Rubber_Blue_01_D.uasset" 297
"../../../AsylumMap/Content/FirstPerson/FPWeapon/Materials/MaterialLayers/T_ML_Rubber_Blue_01_N.uasset" 298
"../../../AsylumMap/Content/FirstPerson/FPWeapon/Materials/MaterialLayers/ML_GlossyBlack_Latex_UE4.uasset" 299
"../../../AsylumMap/Content/FirstPerson/FPWeapon/Materials/MaterialLayers/ML_Plastic_Shiny_Beige.uasset" 300
"../../../AsylumMap/Content/FirstPerson/FPWeapon/Materials/MaterialLayers/ML_Screen.uasset" 301
"../../../AsylumMap/Content/FirstPerson/FPWeapon/Materials/MaterialLayers/T_ML_Aluminum01.uasset" 302
"../../../AsylumMap/Content/FirstPerson/FPWeapon/Materials/MaterialLayers/T_ML_Aluminum01_N.uasset" 303
"../../../AsylumMap/Content/FirstPerson/FPWeapon/Materials/MaterialLayers/ML_SoftMetal_UE4.uasset" 304
"../../../AsylumMap/Content/FirstPerson/FPWeapon/Textures/T_FPGun_M.uasset" 305
"../../../AsylumMap/Content/FirstPerson/FPWeapon/Textures/T_FPGun_N.uasset" 306
"../../../AsylumMap/Content/FirstPerson/FPWeapon/Materials/M_FPGun.uasset" 307
"../../../AsylumMap/Content/FirstPerson/FPWeapon/Mesh/SK_FPGun_Skeleton.uasset" 308
"../../../AsylumMap/Content/FirstPerson/FPWeapon/Mesh/SK_FPGun.uasset" 309
"../../../AsylumMap/Content/FirstPersonBP/Blueprints/FirstPersonCharacter.uasset" 310
"../../../AsylumMap/Content/FirstPerson/Textures/FirstPersonCrosshair.uasset" 311
"../../../AsylumMap/Content/FirstPersonBP/Blueprints/FirstPersonHUD.uasset" 312
"../../../AsylumMap/Content/FirstPersonBP/Blueprints/FirstPersonGameMode.uasset" 313
"../../../Engine/Content/EditorResources/EmptyActor.uasset" 314
"../../../Engine/Content/Tutorial/BlueprintTutorials/TutorialAssets/Blueprint_64x.uasset" 315
"../../../Engine/Content/Tutorial/SubEditors/TutorialAssets/icon_Editor_Preferences_General_40x.uasset" 316
"../../../Engine/Content/Tutorial/Paper2D/TutorialAssets/Paper2DSprite_TutorialIcon.uasset" 317
"../../../Engine/Content/Tutorial/SubEditors/TutorialAssets/icon_ShowSkeletalMeshes_40x.uasset" 318
"../../../Engine/Content/Tutorial/Landscape/TutorialAssets/Landscape.uasset" 319
"../../../Engine/Content/Tutorial/Foliage/TutorialAssets/Foliage.uasset" 320
"../../../Engine/Content/Tutorial/Basics/TutorialAssets/icon_tab_Levels_40x.uasset" 321
"../../../Engine/Content/EditorMaterials/MakeCompositeARGBLayer.uasset" 322
"../../../Engine/Content/EditorResources/LevelGrid1DStripes.uasset" 323
"../../../Engine/Content/EditorMaterials/TextureGridCascaded1D.uasset" 324
"../../../Engine/Content/EditorMaterials/TextureGridCascaded2D.uasset" 325
"../../../Engine/Content/EditorMaterials/LevelGridMaterial2.uasset" 326
"../../../Engine/Content/MobileResources/HUD/MobileHUDButton2_off.uasset" 327
"../../../Engine/Content/MobileResources/T_MobileMenu2.uasset" 328
"../../../Engine/Content/MobileResources/HUD/MobileHUDDirectionPad3.uasset" 329
"../../../Engine/Content/MobileResources/HUD/MobileHUDButton1_off.uasset" 330
"../../../Engine/Content/MobileResources/HUD/MobileHUDButton3.uasset" 331
"../../../Engine/Content/MobileResources/HUD/MobileHUDDirectionPad.uasset" 332
"../../../Engine/Content/MobileResources/HUD/T_Castle_ThumbstickInner.uasset" 333
"../../../Engine/Content/MobileResources/T_MobileControls_texture.uasset" 334
"../../../Engine/Content/MobileResources/HUD/AnalogHat.uasset" 335
"../../../Engine/Content/MobileResources/HUD/VirtualJoystick_Background.uasset" 336
"../../../Engine/Content/MobileResources/HUD/VirtualJoystick_Thumb.uasset" 337
"../../../Engine/Content/MobileResources/HUD/DefaultVirtualJoysticks.uasset" 338
"../../../Engine/Content/EditorSounds/GamePreview/StartPlayInEditor.uasset" 339
"../../../Engine/Content/EditorSounds/GamePreview/StartPlayInEditor_Cue.uasset" 340
"../../../Engine/Content/MobileResources/HUD/LeftVirtualJoystickOnly.uasset" 341
"../../../Engine/Content/MobileResources/HUD/MobileHUDButton1_on.uasset" 342
"../../../Engine/Content/MobileResources/HUD/MobileHUDButton2_on.uasset" 343
"../../../Engine/Content/MobileResources/HUD/MobileHUDButtonFire.uasset" 344
"../../../Engine/Content/MobileResources/HUD/MobileHUDDirectionPad2.uasset" 345
"../../../Engine/Content/MobileResources/HUD/MobileHUDDirectionStick.uasset" 346
"../../../Engine/Content/MobileResources/HUD/T_Castle_ThumbstickOutter.uasset" 347
"../../../AsylumMap/Content/StarterContent/Textures/T_MacroVariation.uasset" 348
"../../../AsylumMap/Content/StarterContent/Textures/T_Wood_Walnut_D.uasset" 349
"../../../AsylumMap/Content/StarterContent/Textures/T_Wood_Walnut_N.uasset" 350
"../../../AsylumMap/Content/StarterContent/Materials/M_Wood_Walnut.uasset" 351
"../../../AsylumMap/Content/Asylum/Meshes/FrontDoor.uasset" 352
"../../../AsylumMap/Content/Asylum/Meshes/FrontDoorFrame.uasset" 353
"../../../AsylumMap/Content/Asylum/Blueprints/FrontDoorFrame.uasset" 354
"../../../Engine/Content/EngineSky/C_Sky_Cloud_Color.uasset" 355
"../../../Engine/Content/EngineSky/C_Sky_Horizon_Color.uasset" 356
"../../../Engine/Content/EngineSky/C_Sky_Zenith_Color.uasset" 357
"../../../Engine/Content/EngineSky/T_Sky_Blue.uasset" 358
"../../../Engine/Content/EngineSky/T_Sky_Clouds_M.uasset" 359
"../../../Engine/Content/EngineSky/T_Sky_Stars.uasset" 360
"../../../Engine/Content/EngineSky/M_Sky_Panning_Clouds2.uasset" 361
"../../../Engine/Content/EngineSky/SM_SkySphere.uasset" 362
"../../../Engine/Content/EngineSky/BP_Sky_Sphere.uasset" 363
"../../../AsylumMap/Content/StarterContent/Textures/T_Lamp_M.uasset" 364
"../../../AsylumMap/Content/StarterContent/Textures/T_Lamp_N.uasset" 365
"../../../AsylumMap/Content/StarterContent/Props/Materials/M_Lamp.uasset" 366
"../../../AsylumMap/Content/StarterContent/Props/SM_Lamp_Ceiling.uasset" 367
"../../../AsylumMap/Content/StarterContent/Blueprints/Blueprint_CeilingLight.uasset" 368
"../../../AsylumMap/Content/StarterContent/Materials/M_Glass.uasset" 369
"../../../AsylumMap/Content/Asylum/CustomMaterials/SM_GlassWindow2.uasset" 370
"../../../AsylumMap/Content/StarterContent/Audio/Explosion02.uasset" 371
"../../../AsylumMap/Content/StarterContent/Textures/T_Smoke_SubUV.uasset" 372
"../../../AsylumMap/Content/StarterContent/Textures/T_Smoke_Tiled_D.uasset" 373
"../../../AsylumMap/Content/StarterContent/Particles/Materials/M_smoke_subUV.uasset" 374
"../../../AsylumMap/Content/StarterContent/Particles/P_Smoke.uasset" 375
"../../../AsylumMap/Content/Asylum/CustomMaterials/SM_GlassWindow2_DM.uasset" 376
"../../../AsylumMap/Content/Asylum/CustomMaterials/ChairLeather.uasset" 377
"../../../AsylumMap/Content/Asylum/CustomMaterials/ChairLeatherNormal.uasset" 378
"../../../AsylumMap/Content/Asylum/CustomMaterials/ChairLeather_Mat.uasset" 379
"../../../AsylumMap/Content/Asylum/CustomMaterials/ChairWood.uasset" 380
"../../../AsylumMap/Content/Asylum/CustomMaterials/ChairWoodNormal.uasset" 381
"../../../AsylumMap/Content/Asylum/CustomMaterials/ChairWood_Mat.uasset" 382
"../../../AsylumMap/Content/Asylum/CustomMaterials/FramePicture2.uasset" 383
"../../../AsylumMap/Content/Asylum/CustomMaterials/FramePicture2_Mat.uasset" 384
"../../../AsylumMap/Content/Asylum/CustomMaterials/RedBrick.uasset" 385
"../../../AsylumMap/Content/Asylum/CustomMaterials/RedBrickNormal.uasset" 386
"../../../AsylumMap/Content/Asylum/CustomMaterials/RedBrick_Mat.uasset" 387
"../../../AsylumMap/Content/Asylum/CustomMaterials/RoofTiles.uasset" 388
"../../../AsylumMap/Content/Asylum/CustomMaterials/RoofTilesNormal.uasset" 389
"../../../AsylumMap/Content/Asylum/CustomMaterials/RoofTiles_Mat.uasset" 390
"../../../AsylumMap/Content/Asylum/Meshes/lambert1.uasset" 391
"../../../AsylumMap/Content/StarterContent/Materials/M_Basic_Wall.uasset" 392
"../../../AsylumMap/Content/StarterContent/Textures/T_Brick_Clay_Old_D.uasset" 393
"../../../AsylumMap/Content/StarterContent/Textures/T_Brick_Clay_Old_N.uasset" 394
"../../../AsylumMap/Content/StarterContent/Textures/T_Perlin_Noise_M.uasset" 395
"../../../AsylumMap/Content/StarterContent/Materials/M_Brick_Clay_Old.uasset" 396
"../../../AsylumMap/Content/StarterContent/Textures/T_Concrete_Grime_D.uasset" 397
"../../../AsylumMap/Content/StarterContent/Textures/T_Metal_Rust_N.uasset" 398
"../../../AsylumMap/Content/StarterContent/Materials/M_Concrete_Grime.uasset" 399
"../../../AsylumMap/Content/StarterContent/Textures/T_Ground_Grass_D.uasset" 400
"../../../AsylumMap/Content/StarterContent/Textures/T_Ground_Grass_N.uasset" 401
"../../../AsylumMap/Content/StarterContent/Materials/M_Ground_Grass.uasset" 402
"../../../AsylumMap/Content/StarterContent/Textures/T_Ground_Gravel_D.uasset" 403
"../../../AsylumMap/Content/StarterContent/Textures/T_Ground_Gravel_N.uasset" 404
"../../../AsylumMap/Content/StarterContent/Materials/M_Ground_Gravel.uasset" 405
"../../../AsylumMap/Content/StarterContent/Textures/T_Metal_Rust_D.uasset" 406
"../../../AsylumMap/Content/StarterContent/Materials/M_Metal_Rust.uasset" 407
"../../../AsylumMap/Content/StarterContent/Textures/T_Wood_Floor_Walnut_D.uasset" 408
"../../../AsylumMap/Content/StarterContent/Textures/T_Wood_Floor_Walnut_M.uasset" 409
"../../../AsylumMap/Content/StarterContent/Textures/T_Wood_Floor_Walnut_N.uasset" 410
"../../../AsylumMap/Content/StarterContent/Materials/M_Wood_Floor_Walnut_Polished.uasset" 411
"../../../AsylumMap/Content/Asylum/CustomMaterials/Frame.uasset" 412
"../../../AsylumMap/Content/Asylum/CustomMaterials/FrameLong.uasset" 413
"../../../AsylumMap/Content/Asylum/CustomMaterials/FrameNormal.uasset" 414
"../../../AsylumMap/Content/Asylum/CustomMaterials/FramePicture1.uasset" 415
"../../../AsylumMap/Content/Asylum/CustomMaterials/FramePictureLong1.uasset" 416
"../../../AsylumMap/Content/Asylum/CustomMaterials/WoodPalletNew2.uasset" 417
"../../../AsylumMap/Content/Asylum/CustomMaterials/WoodPalletNew2Normal.uasset" 418
"../../../AsylumMap/Content/Asylum/Meshes/lambert2.uasset" 419
"../../../AsylumMap/Content/Asylum/Meshes/ArchWayLarge.uasset" 420
"../../../AsylumMap/Content/Asylum/Meshes/BottomWindow.uasset" 421
"../../../AsylumMap/Content/Asylum/Meshes/Chair.uasset" 422
"../../../AsylumMap/Content/Asylum/Meshes/Desk.uasset" 423
"../../../AsylumMap/Content/Asylum/Meshes/IndoorPillar2Large.uasset" 424
"../../../AsylumMap/Content/Asylum/Meshes/IndoorPillarLarge.uasset" 425
"../../../AsylumMap/Content/Asylum/CustomMaterials/Frame_Mat.uasset" 426
"../../../AsylumMap/Content/Asylum/CustomMaterials/FramePicture1_Mat.uasset" 427
"../../../AsylumMap/Content/Asylum/Meshes/PictureFrame1.uasset" 428
"../../../AsylumMap/Content/Asylum/CustomMaterials/FrameLong_Mat.uasset" 429
"../../../AsylumMap/Content/Asylum/CustomMaterials/FramePictureLong1_Mat.uasset" 430
"../../../AsylumMap/Content/Asylum/Meshes/PictureFrameLong.uasset" 431
"../../../AsylumMap/Content/Asylum/Meshes/Sofa.uasset" 432
"../../../AsylumMap/Content/Asylum/CustomMaterials/WoodPallet2.uasset" 433
"../../../AsylumMap/Content/Asylum/Meshes/WoodPallet.uasset" 434
"../../../AsylumMap/Content/ReflectionAssets/Textures/T_Trashbag_N.uasset" 435
"../../../AsylumMap/Content/ReflectionAssets/Materials/M_Trashbag.uasset" 436
"../../../AsylumMap/Content/ReflectionAssets/Mesh/SM_Hallway_Trashbag.uasset" 437
"../../../AsylumMap/Content/ReflectionAssets/Materials/M_Emissive.uasset" 438
"../../../Engine/Content/Functions/MaterialLayerFunctions/MatLayerBlend_AO.uasset" 439
"../../../Engine/Content/Functions/MaterialLayerFunctions/MatLayerBlend_BakedNormal.uasset" 440
"../../../Engine/Content/Functions/MaterialLayerFunctions/MatLayerBlend_Stain.uasset" 441
"../../../Engine/Content/Functions/MaterialLayerFunctions/MatLayerBlend_Standard.uasset" 442
"../../../AsylumMap/Content/ReflectionAssets/Textures/T_Grime_D.uasset" 443
"../../../AsylumMap/Content/ReflectionAssets/Textures/T_Grime_N.uasset" 444
"../../../AsylumMap/Content/ReflectionAssets/Material_Layers/ML_Grime01.uasset" 445
"../../../AsylumMap/Content/ReflectionAssets/Textures/T_Base_Metal_Light_D.uasset" 446
"../../../AsylumMap/Content/ReflectionAssets/Textures/T_Base_Metal_Light_N.uasset" 447
"../../../AsylumMap/Content/ReflectionAssets/Material_Layers/ML_Metal_Base_01.uasset" 448
"../../../AsylumMap/Content/ReflectionAssets/Textures/T_Metal_Painted01_D.uasset" 449
"../../../AsylumMap/Content/ReflectionAssets/Textures/T_Metal_Painted01_N.uasset" 450
"../../../AsylumMap/Content/ReflectionAssets/Material_Layers/ML_Metal_Painted_01_Dull.uasset" 451
"../../../AsylumMap/Content/ReflectionAssets/Textures/T_Rust_D.uasset" 452
"../../../AsylumMap/Content/ReflectionAssets/Textures/T_Rust_N.uasset" 453
"../../../AsylumMap/Content/ReflectionAssets/Material_Layers/ML_Rust.uasset" 454
"../../../AsylumMap/Content/ReflectionAssets/Materials/MatLayer_FeatureLevelSwithc.uasset" 455
"../../../AsylumMap/Content/ReflectionAssets/Textures/T_Light_Fluorescent_M.uasset" 456
"../../../AsylumMap/Content/ReflectionAssets/Textures/T_Light_Fluorescent_N.uasset" 457
"../../../AsylumMap/Content/ReflectionAssets/Materials/M_Light_Flourescent.uasset" 458
"../../../AsylumMap/Content/ReflectionAssets/Mesh/SM_Light_Fluorescent_01.uasset" 459
"../../../AsylumMap/Content/StarterContent/Textures/T_Fire_SubUV.uasset" 460
"../../../AsylumMap/Content/StarterContent/Textures/T_Fire_Tiled_D.uasset" 461
"../../../AsylumMap/Content/StarterContent/Particles/Materials/M_Fire_SubUV.uasset" 462
"../../../AsylumMap/Content/StarterContent/Textures/T_Water_N.uasset" 463
"../../../AsylumMap/Content/StarterContent/Particles/Materials/M_Heat_Distortion.uasset" 464
"../../../Engine/Content/Functions/Engine_MaterialFunctions01/Gradient/RadialGradient.uasset" 465
"../../../AsylumMap/Content/StarterContent/Particles/Materials/M_Radial_Gradient.uasset" 466
"../../../AsylumMap/Content/StarterContent/Particles/P_Fire.uasset" 467
"../../../AsylumMap/Content/StarterContent/Textures/T_Bush_D.uasset" 468
"../../../AsylumMap/Content/StarterContent/Textures/T_Bush_N.uasset" 469
"../../../AsylumMap/Content/StarterContent/Props/Materials/M_Bush.uasset" 470
"../../../AsylumMap/Content/StarterContent/Props/SM_Bush.uasset" 471
"../../../AsylumMap/Content/StarterContent/Textures/T_TableRound_M.uasset" 472
"../../../AsylumMap/Content/StarterContent/Textures/T_TableRound_N.uasset" 473
"../../../AsylumMap/Content/StarterContent/Props/Materials/M_TableRound.uasset" 474
"../../../AsylumMap/Content/StarterContent/Props/SM_TableRound.uasset" 475
"../../../AsylumMap/Content/FirstPersonBP/Maps/FirstPersonExampleMap.umap" 476
